<?xml version="1.0" encoding="UTF-8"?>
<!-- Generated by org.testng.reporters.JUnitXMLReporter -->
<testsuite ignored="0" hostname="PsO" failures="0" tests="4" name="Default test" time="7.729" errors="0" timestamp="2024-11-10T16:40:48 IST">
  <testcase classname="tests.shoppingCarte2e" name="login" time="0.525"/>
  <testcase classname="tests.shoppingCarte2e" name="search" time="0.332"/>
  <testcase classname="tests.shoppingCarte2e" name="addItem" time="0.24"/>
  <testcase classname="tests.shoppingCarte2e" name="verify" time="0.086"/>
</testsuite> <!-- Default test -->
