<?xml version="1.0" encoding="UTF-8"?>
<!-- Generated by org.testng.reporters.JUnitXMLReporter -->
<testsuite ignored="0" hostname="PsO" failures="0" tests="4" name="Test" time="21.793" errors="0" timestamp="2024-11-28T20:33:32 IST">
  <testcase classname="tests.shoppingCarte2e" name="login" time="2.799"/>
  <testcase classname="tests.shoppingCarte2e" name="search" time="0.221"/>
  <testcase classname="tests.shoppingCarte2e" name="addItem" time="0.404"/>
  <testcase classname="tests.shoppingCarte2e" name="verify" time="0.476"/>
</testsuite> <!-- Test -->
