<?xml version="1.0" encoding="UTF-8"?>
<!-- Generated by org.testng.reporters.JUnitXMLReporter -->
<testsuite ignored="0" hostname="PsO" failures="0" tests="4" name="Test" time="7.148" errors="0" timestamp="2024-11-10T16:44:09 IST">
  <testcase classname="tests.shoppingCarte2e" name="login" time="0.486"/>
  <testcase classname="tests.shoppingCarte2e" name="search" time="0.129"/>
  <testcase classname="tests.shoppingCarte2e" name="addItem" time="0.191"/>
  <testcase classname="tests.shoppingCarte2e" name="verify" time="0.078"/>
</testsuite> <!-- Test -->
