<?xml version="1.0" encoding="UTF-8"?>
<!-- Generated by org.testng.reporters.JUnitXMLReporter -->
<testsuite ignored="0" hostname="PsO" failures="0" tests="5" name="Test1" time="12.458" errors="0" timestamp="2024-11-10T16:03:15 IST">
  <testcase classname="tests.loginTest" name="login" time="0.491"/>
  <testcase classname="tests.shoppingCarte2e" name="login" time="0.493"/>
  <testcase classname="tests.shoppingCarte2e" name="search" time="0.176"/>
  <testcase classname="tests.shoppingCarte2e" name="addItem" time="0.23"/>
  <testcase classname="tests.shoppingCarte2e" name="verify" time="0.093"/>
</testsuite> <!-- Test1 -->
