<?xml version="1.0" encoding="UTF-8"?>
<testng-results ignored="0" total="4" passed="4" failed="0" skipped="0">
  <reporter-output>
  </reporter-output>
  <suite started-at="2024-11-10T16:44:02 IST" name="Suite" finished-at="2024-11-10T16:44:09 IST" duration-ms="7148">
    <groups>
      <group name="regression">
        <method signature="shoppingCarte2e.login()[pri:1, instance:tests.shoppingCarte2e@32eff876]" name="login" class="tests.shoppingCarte2e"/>
        <method signature="shoppingCarte2e.search()[pri:2, instance:tests.shoppingCarte2e@32eff876]" name="search" class="tests.shoppingCarte2e"/>
        <method signature="shoppingCarte2e.addItem()[pri:3, instance:tests.shoppingCarte2e@32eff876]" name="addItem" class="tests.shoppingCarte2e"/>
        <method signature="shoppingCarte2e.verify()[pri:4, instance:tests.shoppingCarte2e@32eff876]" name="verify" class="tests.shoppingCarte2e"/>
      </group> <!-- regression -->
      <group name="sanity">
        <method signature="shoppingCarte2e.login()[pri:1, instance:tests.shoppingCarte2e@32eff876]" name="login" class="tests.shoppingCarte2e"/>
      </group> <!-- sanity -->
    </groups>
    <test started-at="2024-11-10T16:44:02 IST" name="Test" finished-at="2024-11-10T16:44:09 IST" duration-ms="7148">
      <class name="tests.shoppingCarte2e">
        <test-method is-config="true" signature="loadBrowser()[pri:0, instance:tests.shoppingCarte2e@32eff876]" started-at="2024-11-10T16:44:02 IST" name="loadBrowser" finished-at="2024-11-10T16:44:08 IST" duration-ms="5770" status="PASS">
          <reporter-output>
          </reporter-output>
        </test-method> <!-- loadBrowser -->
        <test-method signature="login()[pri:1, instance:tests.shoppingCarte2e@32eff876]" started-at="2024-11-10T16:44:08 IST" name="login" finished-at="2024-11-10T16:44:08 IST" duration-ms="486" status="PASS">
          <reporter-output>
          </reporter-output>
        </test-method> <!-- login -->
        <test-method signature="search()[pri:2, instance:tests.shoppingCarte2e@32eff876]" started-at="2024-11-10T16:44:08 IST" name="search" finished-at="2024-11-10T16:44:08 IST" duration-ms="129" status="PASS">
          <reporter-output>
          </reporter-output>
        </test-method> <!-- search -->
        <test-method signature="addItem()[pri:3, instance:tests.shoppingCarte2e@32eff876]" started-at="2024-11-10T16:44:08 IST" name="addItem" finished-at="2024-11-10T16:44:08 IST" duration-ms="191" status="PASS">
          <reporter-output>
          </reporter-output>
        </test-method> <!-- addItem -->
        <test-method signature="verify()[pri:4, instance:tests.shoppingCarte2e@32eff876]" started-at="2024-11-10T16:44:08 IST" name="verify" finished-at="2024-11-10T16:44:09 IST" duration-ms="78" status="PASS">
          <reporter-output>
          </reporter-output>
        </test-method> <!-- verify -->
        <test-method is-config="true" signature="closeBrowser()[pri:0, instance:tests.shoppingCarte2e@32eff876]" started-at="2024-11-10T16:44:09 IST" name="closeBrowser" finished-at="2024-11-10T16:44:09 IST" duration-ms="397" status="PASS">
          <reporter-output>
          </reporter-output>
        </test-method> <!-- closeBrowser -->
      </class> <!-- tests.shoppingCarte2e -->
    </test> <!-- Test -->
  </suite> <!-- Suite -->
</testng-results>
