<?xml version="1.0" encoding="UTF-8"?>
<testng-results ignored="0" total="4" passed="4" failed="0" skipped="0">
  <reporter-output>
  </reporter-output>
  <suite started-at="2024-11-28T20:33:10 IST" name="Suite" finished-at="2024-11-28T20:33:32 IST" duration-ms="21793">
    <groups>
      <group name="regression">
        <method signature="shoppingCarte2e.login()[pri:1, instance:tests.shoppingCarte2e@3bf7ca37]" name="login" class="tests.shoppingCarte2e"/>
        <method signature="shoppingCarte2e.search()[pri:2, instance:tests.shoppingCarte2e@3bf7ca37]" name="search" class="tests.shoppingCarte2e"/>
        <method signature="shoppingCarte2e.addItem()[pri:3, instance:tests.shoppingCarte2e@3bf7ca37]" name="addItem" class="tests.shoppingCarte2e"/>
        <method signature="shoppingCarte2e.verify()[pri:4, instance:tests.shoppingCarte2e@3bf7ca37]" name="verify" class="tests.shoppingCarte2e"/>
      </group> <!-- regression -->
      <group name="sanity">
        <method signature="shoppingCarte2e.login()[pri:1, instance:tests.shoppingCarte2e@3bf7ca37]" name="login" class="tests.shoppingCarte2e"/>
      </group> <!-- sanity -->
    </groups>
    <test started-at="2024-11-28T20:33:10 IST" name="Test" finished-at="2024-11-28T20:33:32 IST" duration-ms="21793">
      <class name="tests.shoppingCarte2e">
        <test-method is-config="true" signature="loadBrowser()[pri:0, instance:tests.shoppingCarte2e@3bf7ca37]" started-at="2024-11-28T20:33:10 IST" name="loadBrowser" finished-at="2024-11-28T20:33:27 IST" duration-ms="16915" status="PASS">
          <reporter-output>
          </reporter-output>
        </test-method> <!-- loadBrowser -->
        <test-method signature="login()[pri:1, instance:tests.shoppingCarte2e@3bf7ca37]" started-at="2024-11-28T20:33:27 IST" name="login" finished-at="2024-11-28T20:33:30 IST" duration-ms="2799" status="PASS">
          <reporter-output>
          </reporter-output>
        </test-method> <!-- login -->
        <test-method signature="search()[pri:2, instance:tests.shoppingCarte2e@3bf7ca37]" started-at="2024-11-28T20:33:30 IST" name="search" finished-at="2024-11-28T20:33:30 IST" duration-ms="221" status="PASS">
          <reporter-output>
          </reporter-output>
        </test-method> <!-- search -->
        <test-method signature="addItem()[pri:3, instance:tests.shoppingCarte2e@3bf7ca37]" started-at="2024-11-28T20:33:30 IST" name="addItem" finished-at="2024-11-28T20:33:30 IST" duration-ms="404" status="PASS">
          <reporter-output>
          </reporter-output>
        </test-method> <!-- addItem -->
        <test-method signature="verify()[pri:4, instance:tests.shoppingCarte2e@3bf7ca37]" started-at="2024-11-28T20:33:30 IST" name="verify" finished-at="2024-11-28T20:33:31 IST" duration-ms="476" status="PASS">
          <reporter-output>
          </reporter-output>
        </test-method> <!-- verify -->
        <test-method is-config="true" signature="closeBrowser()[pri:0, instance:tests.shoppingCarte2e@3bf7ca37]" started-at="2024-11-28T20:33:31 IST" name="closeBrowser" finished-at="2024-11-28T20:33:32 IST" duration-ms="700" status="PASS">
          <reporter-output>
          </reporter-output>
        </test-method> <!-- closeBrowser -->
      </class> <!-- tests.shoppingCarte2e -->
    </test> <!-- Test -->
  </suite> <!-- Suite -->
</testng-results>
